sample.interval=20000
"lapply" "sapply" "Prim" "findOutliers" "scagnostics2" 
"as.matrix" "FUN" "lapply" "sapply" "Prim" "findOutliers" "scagnostics2" 
"as.matrix" "FUN" "lapply" "sapply" "Prim" "findOutliers" "scagnostics2" 
".Call" "convhulln" "scagnostics2" 
"edgeIsExposed" "computeAlphaHull5" "scagnostics2" 
"which" "computeAlphaHull5" "scagnostics2" 
"computeAlphaHull5" "scagnostics2" 
"UniqueEdges2" "computeAlphaHull5" "scagnostics2" 
".subset" "[.data.frame" "[" "which" "FUN" "lapply" "sapply" "unlist" "findNodes" "getMSTChildren2" "GetRunts" "FUN" "lapply" "sapply" "computeClumpy" "scagnostics2" 
"match" "%in%" "[.data.frame" "[" "which" "FUN" "lapply" "sapply" "unlist" "findNodes" "getMSTChildren2" "GetRunts" "FUN" "lapply" "sapply" "computeClumpy" "scagnostics2" 
"all" "[.data.frame" "[" "which" "FUN" "lapply" "sapply" "unlist" "findNodes" "getMSTChildren2" "GetRunts" "FUN" "lapply" "sapply" "computeClumpy" "scagnostics2" 
"[.data.frame" "[" "which" "FUN" "lapply" "sapply" "unlist" "findNodes" "getMSTChildren2" "GetRunts" "FUN" "lapply" "sapply" "computeClumpy" "scagnostics2" 
"findNodes" "getMSTChildren2" "GetRunts" "FUN" "lapply" "sapply" "computeClumpy" "scagnostics2" 
"[.data.frame" "[" "getMSTChildren2" "GetRunts" "FUN" "lapply" "sapply" "computeClumpy" "scagnostics2" 
"which" "FUN" "lapply" "sapply" "unlist" "findNodes" "getMSTChildren2" "GetRunts" "FUN" "lapply" "sapply" "computeClumpy" "scagnostics2" 
"FUN" "lapply" "sapply" "unlist" "findNodes" "getMSTChildren2" "GetRunts" "FUN" "lapply" "sapply" "computeClumpy" "scagnostics2" 
"[" "which" "FUN" "lapply" "sapply" "unlist" "findNodes" "getMSTChildren2" "GetRunts" "FUN" "lapply" "sapply" "computeClumpy" "scagnostics2" 
"match" "%in%" "[.data.frame" "[" "which" "FUN" "lapply" "sapply" "unlist" "findNodes" "getMSTChildren2" "GetRunts" "FUN" "lapply" "sapply" "computeClumpy" "scagnostics2" 
"FUN" "lapply" "sapply" "unlist" "findNodes" "getMSTChildren2" "GetRunts" "FUN" "lapply" "sapply" "computeClumpy" "scagnostics2" 
"names" "names" "[.data.frame" "[" "which" "FUN" "lapply" "sapply" "unlist" "findNodes" "getMSTChildren2" "GetRunts" "FUN" "lapply" "sapply" "computeClumpy" "scagnostics2" 
"names" "names" "[.data.frame" "[" "which" "FUN" "lapply" "sapply" "unlist" "findNodes" "getMSTChildren2" "GetRunts" "FUN" "lapply" "sapply" "computeClumpy" "scagnostics2" 
